###############################################################################
# Author:	David Geeraerts
# Location:	Olympia, Washington USA
# E-Mail:	dgeeraerts.evergreen@gmail.com
###############################################################################

###############################################################################
# Copyleft License(s)
# GNU GPL (General Public License)
# https://www.gnu.org/licenses/gpl-3.0.en.html
###############################################################################



########################
# PROJECT: 7z Archiver #
########################


################################
Features Flags
--------------
[+] New feature has been added
[!] Feature has been improved
[#] Feature has been fixed
[-] Feature has been removed
#################################

2019-04-19
-- [!]	Changed Copyleft license to GNU GPL 3
-- [!]	Major rewrite of wrapper
-- [!]	Improved console output
-- [!]	Config file schema
-- [+]	Logging level
-- [+]	Trace
-- [!]	Debugging
-- [!]	script notes
-- [+]	Description
-- [+]	Lapse time
-- [+]	ISO Date
-- [+]	7z Checking
-- [+]	7z Archive type 
-- [!]	Single archiver improvements
-- [!]	Bulk archiver improvements
-- [+]	var folder cleanup
-- [+]	Log file shipping
-- [+]	Bulk archive shipping




2018-08-29 VERSION 2.0.0
-- [+]	Added configuration file. Drop into commandlet directory.
-- [!]	Improved debugging. 

2018-08-28 VERSION 1.7.0
-- [#]	Fixed issue with removing Single Archive folder if it was also set for bulk processing.
-- [#]	Fixed Single Archiver 7z variables.
-- [!]	Improved log formatting, more readable.

2018-08-28 VERSION 1.6.0
-- [+]	Added time lapse feature.
-- [+] Added checking log output location.

2018-08-24  VERSION 1.5.0
-- [!]	Improved commandlet overall.
-- [+]	Added option to cleanup source folders that have been sucessfully archived. 